<?xml version="1.0" encoding="utf-8"?><testsuites name="pytest tests"><testsuite name="pytest" errors="0" failures="0" skipped="0" tests="25" time="32.234" timestamp="2026-02-22T07:02:23.137162+00:00" hostname="agent-env-1257e627-2f3f-4cd8-b3ad-4280c735f091"><testcase classname="backend.tests.test_raja_api.TestAuth" name="test_login_admin1" time="2.492" /><testcase classname="backend.tests.test_raja_api.TestAuth" name="test_login_admin2" time="1.696" /><testcase classname="backend.tests.test_raja_api.TestAuth" name="test_login_admin3" time="2.803" /><testcase classname="backend.tests.test_raja_api.TestAuth" name="test_login_admin4" time="2.793" /><testcase classname="backend.tests.test_raja_api.TestAuth" name="test_login_superadmin" time="1.657" /><testcase classname="backend.tests.test_raja_api.TestAuth" name="test_login_invalid" time="0.508" /><testcase classname="backend.tests.test_raja_api.TestAuth" name="test_auth_me" time="2.449" /><testcase classname="backend.tests.test_raja_api.TestDrivers" name="test_get_drivers" time="0.611" /><testcase classname="backend.tests.test_raja_api.TestDrivers" name="test_get_active_drivers" time="0.861" /><testcase classname="backend.tests.test_raja_api.TestDrivers" name="test_driver_search" time="0.582" /><testcase classname="backend.tests.test_raja_api.TestDrivers" name="test_update_driver_requires_superadmin" time="0.966" /><testcase classname="backend.tests.test_raja_api.TestDrivers" name="test_suspend_driver" time="2.402" /><testcase classname="backend.tests.test_raja_api.TestDrivers" name="test_activate_driver" time="0.333" /><testcase classname="backend.tests.test_raja_api.TestSIJ" name="test_get_sij" time="0.558" /><testcase classname="backend.tests.test_raja_api.TestSIJ" name="test_create_sij" time="0.503" /><testcase classname="backend.tests.test_raja_api.TestSIJ" name="test_sij_requires_auth" time="0.664" /><testcase classname="backend.tests.test_raja_api.TestSIJ" name="test_create_sij_with_future_date" time="0.979" /><testcase classname="backend.tests.test_raja_api.TestSIJ" name="test_create_sij_with_past_date_rejected" time="0.520" /><testcase classname="backend.tests.test_raja_api.TestSIJ" name="test_create_sij_with_far_future_date_rejected" time="0.493" /><testcase classname="backend.tests.test_raja_api.TestDashboard" name="test_admin_dashboard" time="0.726" /><testcase classname="backend.tests.test_raja_api.TestDashboard" name="test_superadmin_dashboard" time="1.092" /><testcase classname="backend.tests.test_raja_api.TestDashboard" name="test_superadmin_dashboard_blocked_for_admin" time="1.184" /><testcase classname="backend.tests.test_raja_api.TestAudit" name="test_get_audit" time="0.971" /><testcase classname="backend.tests.test_raja_api.TestAudit" name="test_audit_blocked_for_admin" time="0.509" /><testcase classname="backend.tests.test_raja_api.TestAudit" name="test_export_audit_csv" time="1.006" /></testsuite></testsuites>