<?xml version="1.0" encoding="utf-8"?><testsuites name="pytest tests"><testsuite name="pytest" errors="0" failures="0" skipped="0" tests="22" time="6.043" timestamp="2026-02-22T02:11:48.762712+00:00" hostname="agent-env-4df7b3b6-4cc3-4741-af8e-a1492c262496"><testcase classname="backend.tests.test_raja_api.TestAuth" name="test_login_admin1" time="0.558" /><testcase classname="backend.tests.test_raja_api.TestAuth" name="test_login_admin2" time="0.418" /><testcase classname="backend.tests.test_raja_api.TestAuth" name="test_login_admin3" time="0.400" /><testcase classname="backend.tests.test_raja_api.TestAuth" name="test_login_admin4" time="0.436" /><testcase classname="backend.tests.test_raja_api.TestAuth" name="test_login_superadmin" time="0.425" /><testcase classname="backend.tests.test_raja_api.TestAuth" name="test_login_invalid" time="0.136" /><testcase classname="backend.tests.test_raja_api.TestAuth" name="test_auth_me" time="0.539" /><testcase classname="backend.tests.test_raja_api.TestDrivers" name="test_get_drivers" time="0.155" /><testcase classname="backend.tests.test_raja_api.TestDrivers" name="test_get_active_drivers" time="0.180" /><testcase classname="backend.tests.test_raja_api.TestDrivers" name="test_driver_search" time="0.126" /><testcase classname="backend.tests.test_raja_api.TestDrivers" name="test_update_driver_requires_superadmin" time="0.142" /><testcase classname="backend.tests.test_raja_api.TestDrivers" name="test_suspend_driver" time="0.614" /><testcase classname="backend.tests.test_raja_api.TestDrivers" name="test_activate_driver" time="0.225" /><testcase classname="backend.tests.test_raja_api.TestSIJ" name="test_get_sij" time="0.144" /><testcase classname="backend.tests.test_raja_api.TestSIJ" name="test_create_sij" time="0.148" /><testcase classname="backend.tests.test_raja_api.TestSIJ" name="test_sij_requires_auth" time="0.141" /><testcase classname="backend.tests.test_raja_api.TestDashboard" name="test_admin_dashboard" time="0.144" /><testcase classname="backend.tests.test_raja_api.TestDashboard" name="test_superadmin_dashboard" time="0.168" /><testcase classname="backend.tests.test_raja_api.TestDashboard" name="test_superadmin_dashboard_blocked_for_admin" time="0.151" /><testcase classname="backend.tests.test_raja_api.TestAudit" name="test_get_audit" time="0.244" /><testcase classname="backend.tests.test_raja_api.TestAudit" name="test_audit_blocked_for_admin" time="0.151" /><testcase classname="backend.tests.test_raja_api.TestAudit" name="test_export_audit_csv" time="0.195" /></testsuite></testsuites>