<?xml version="1.0" encoding="utf-8"?><testsuites name="pytest tests"><testsuite name="pytest" errors="0" failures="0" skipped="0" tests="22" time="14.936" timestamp="2026-02-22T06:54:50.457880+00:00" hostname="agent-env-1257e627-2f3f-4cd8-b3ad-4280c735f091"><testcase classname="backend.tests.test_raja_api.TestAuth" name="test_login_admin1" time="1.472" /><testcase classname="backend.tests.test_raja_api.TestAuth" name="test_login_admin2" time="1.245" /><testcase classname="backend.tests.test_raja_api.TestAuth" name="test_login_admin3" time="0.847" /><testcase classname="backend.tests.test_raja_api.TestAuth" name="test_login_admin4" time="0.635" /><testcase classname="backend.tests.test_raja_api.TestAuth" name="test_login_superadmin" time="0.625" /><testcase classname="backend.tests.test_raja_api.TestAuth" name="test_login_invalid" time="0.424" /><testcase classname="backend.tests.test_raja_api.TestAuth" name="test_auth_me" time="1.081" /><testcase classname="backend.tests.test_raja_api.TestDrivers" name="test_get_drivers" time="0.205" /><testcase classname="backend.tests.test_raja_api.TestDrivers" name="test_get_active_drivers" time="0.172" /><testcase classname="backend.tests.test_raja_api.TestDrivers" name="test_driver_search" time="0.248" /><testcase classname="backend.tests.test_raja_api.TestDrivers" name="test_update_driver_requires_superadmin" time="0.180" /><testcase classname="backend.tests.test_raja_api.TestDrivers" name="test_suspend_driver" time="1.033" /><testcase classname="backend.tests.test_raja_api.TestDrivers" name="test_activate_driver" time="0.245" /><testcase classname="backend.tests.test_raja_api.TestSIJ" name="test_get_sij" time="0.277" /><testcase classname="backend.tests.test_raja_api.TestSIJ" name="test_create_sij" time="0.319" /><testcase classname="backend.tests.test_raja_api.TestSIJ" name="test_sij_requires_auth" time="0.279" /><testcase classname="backend.tests.test_raja_api.TestDashboard" name="test_admin_dashboard" time="0.353" /><testcase classname="backend.tests.test_raja_api.TestDashboard" name="test_superadmin_dashboard" time="1.867" /><testcase classname="backend.tests.test_raja_api.TestDashboard" name="test_superadmin_dashboard_blocked_for_admin" time="0.738" /><testcase classname="backend.tests.test_raja_api.TestAudit" name="test_get_audit" time="0.596" /><testcase classname="backend.tests.test_raja_api.TestAudit" name="test_audit_blocked_for_admin" time="0.220" /><testcase classname="backend.tests.test_raja_api.TestAudit" name="test_export_audit_csv" time="0.972" /></testsuite></testsuites>