<?xml version="1.0" encoding="utf-8"?><testsuites name="pytest tests"><testsuite name="pytest" errors="0" failures="0" skipped="0" tests="28" time="45.518" timestamp="2026-02-22T07:33:48.695983+00:00" hostname="agent-env-1257e627-2f3f-4cd8-b3ad-4280c735f091"><testcase classname="backend.tests.test_raja_api.TestAuth" name="test_login_admin1" time="3.718" /><testcase classname="backend.tests.test_raja_api.TestAuth" name="test_login_admin2" time="2.691" /><testcase classname="backend.tests.test_raja_api.TestAuth" name="test_login_admin3" time="2.622" /><testcase classname="backend.tests.test_raja_api.TestAuth" name="test_login_admin4" time="2.889" /><testcase classname="backend.tests.test_raja_api.TestAuth" name="test_login_superadmin" time="2.570" /><testcase classname="backend.tests.test_raja_api.TestAuth" name="test_login_invalid" time="0.833" /><testcase classname="backend.tests.test_raja_api.TestAuth" name="test_auth_me" time="2.629" /><testcase classname="backend.tests.test_raja_api.TestDrivers" name="test_get_drivers" time="0.808" /><testcase classname="backend.tests.test_raja_api.TestDrivers" name="test_get_active_drivers" time="1.049" /><testcase classname="backend.tests.test_raja_api.TestDrivers" name="test_driver_search" time="0.751" /><testcase classname="backend.tests.test_raja_api.TestDrivers" name="test_update_driver_requires_superadmin" time="1.838" /><testcase classname="backend.tests.test_raja_api.TestDrivers" name="test_suspend_driver" time="2.928" /><testcase classname="backend.tests.test_raja_api.TestDrivers" name="test_activate_driver" time="0.607" /><testcase classname="backend.tests.test_raja_api.TestSIJ" name="test_get_sij" time="0.745" /><testcase classname="backend.tests.test_raja_api.TestSIJ" name="test_get_sij_with_date_filter" time="0.701" /><testcase classname="backend.tests.test_raja_api.TestSIJ" name="test_get_sij_with_include_void" time="1.650" /><testcase classname="backend.tests.test_raja_api.TestSIJ" name="test_get_sij_response_structure" time="0.765" /><testcase classname="backend.tests.test_raja_api.TestSIJ" name="test_create_sij" time="0.739" /><testcase classname="backend.tests.test_raja_api.TestSIJ" name="test_sij_requires_auth" time="2.127" /><testcase classname="backend.tests.test_raja_api.TestSIJ" name="test_create_sij_with_future_date" time="1.367" /><testcase classname="backend.tests.test_raja_api.TestSIJ" name="test_create_sij_with_past_date_rejected" time="1.437" /><testcase classname="backend.tests.test_raja_api.TestSIJ" name="test_create_sij_with_far_future_date_rejected" time="0.866" /><testcase classname="backend.tests.test_raja_api.TestDashboard" name="test_admin_dashboard" time="1.084" /><testcase classname="backend.tests.test_raja_api.TestDashboard" name="test_superadmin_dashboard" time="1.689" /><testcase classname="backend.tests.test_raja_api.TestDashboard" name="test_superadmin_dashboard_blocked_for_admin" time="0.847" /><testcase classname="backend.tests.test_raja_api.TestAudit" name="test_get_audit" time="1.415" /><testcase classname="backend.tests.test_raja_api.TestAudit" name="test_audit_blocked_for_admin" time="0.831" /><testcase classname="backend.tests.test_raja_api.TestAudit" name="test_export_audit_csv" time="1.142" /></testsuite></testsuites>